Validation report for ogc.ogc-utils.prov-soton - Cross2013
Generated 2025-11-02T06:28:29.392522+00:00
=== General ===
Test was expected to fail and it did.
=== End General ===

=== Files ===
Using sequential-time-fail.json from test resources
JSON-LD context is present - uplifting
=== End Files ===

=== JSON Schema ===

** Validation error **
ValidationError: Additional properties are not allowed ('@context', 'featureType', 'id', 'type' were unexpected)

Failed validating 'additionalProperties' in schema['allOf'][1]:
    {'$schema': 'http://json-schema.org/draft-04/schema#',
     'additionalProperties': False,
     'definitions': {'activity': {'additionalProperties': {'$ref': '#/definitions/attributeValues'},
                                  'prov:endTime': {'format': 'date-time',
                                                   'type': 'string'},
                                  'prov:startTime': {'format': 'date-time',
                                                     'type': 'string'},
                                  'title': 'activity',
                                  'type': 'object'},
                     'agent': {'$ref': '#/definitions/entity'},
                     'alternate': {'additionalProperties': {'$ref': '#/definitions/attributeValues'},
                                   'properties': {'prov:alternate1': {'format': 'uri',
                                                                      'type': 'string'},
                                                  'prov:alternate2': {'format': 'uri',
                                                                      'type': 'string'}},
                                   'required': ['prov:alternate1',
                                                'prov:alternate2'],
                                   'title': 'alternate',
                                   'type': 'object'},
                     'association': {'additionalProperties': {'$ref': '#/definitions/attributeValues'},
                                     'properties': {'prov:activity': {'format': 'uri',
                                                                      'type': 'string'},
                                                    'prov:agent': {'format': 'uri',
                                                                   'type': 'string'},
                                                    'prov:plan': {'format': 'uri',
                                                                  'type': 'string'}},
                                     'required': ['prov:activity'],
                                     'title': 'association',
                                     'type': 'object'},
                     'attributeValues': {'anyOf': [{'$ref': '#/definitions/stringLiteral'},
                                                   {'$ref': '#/definitions/numberLiteral'},
                                                   {'$ref': '#/definitions/booleanLiteral'},
                                                   {'$ref': '#/definitions/typedLiteral'},
                                                   {'$ref': '#/definitions/literalArray'}]},
                     'attribution': {'additionalProperties': {'$ref': '#/definitions/attributeValues'},
                                     'properties': {'prov:agent': {'format': 'uri',
                                                                   'type': 'string'},
                                                    'prov:entity': {'format': 'uri',
                                                                    'type': 'string'}},
                                     'required': ['prov:entity',
                                                  'prov:agent'],
                                     'title': 'attribution',
                                     'type': 'object'},
                     'booleanLiteral': {'type': 'boolean'},
                     'bundle': {'properties': {'actedOnBehalfOf': {'additionalProperties': {'$ref': '#/definitions/delegation'},
                                                                   'type': 'object'},
                                               'activity': {'additionalProperties': {'$ref': '#/definitions/activity'},
                                                            'type': 'object'},
                                               'agent': {'additionalProperties': {'$ref': '#/definitions/agent'},
                                                         'type': 'object'},
                                               'alternateOf': {'additionalProperties': {'$ref': '#/definitions/alternate'},
                                                               'type': 'object'},
                                               'entity': {'additionalProperties': {'$ref': '#/definitions/entity'},
                                                          'type': 'object'},
                                               'hadMember': {'additionalProperties': {'$ref': '#/definitions/membership'},
                                                             'type': 'object'},
                                               'prefix': {'patternProperties': {'^[a-zA-Z0-9_\\-]+$': {'format': 'uri',
                                                                                                       'type': 'string'}},
                                                          'type': 'object'},
                                               'specializationOf': {'additionalProperties': {'$ref': '#/definitions/specialization'},
                                                                    'type': 'object'},
                                               'used': {'additionalProperties': {'$ref': '#/definitions/usage'},
                                                        'type': 'object'},
                                               'wasAssociatedWith': {'additionalProperties': {'$ref': '#/definitions/association'},
                                                                     'type': 'object'},
                                               'wasAttributedTo': {'additionalProperties': {'$ref': '#/definitions/attribution'},
                                                                   'type': 'object'},
                                               'wasDerivedFrom': {'additionalProperties': {'$ref': '#/definitions/derivation'},
                                                                  'type': 'object'},
                                               'wasEndedby': {'additionalProperties': {'$ref': '#/definitions/end'},
                                                              'type': 'object'},
                                               'wasGeneratedBy': {'additionalProperties': {'$ref': '#/definitions/generation'},
                                                                  'type': 'object'},
                                               'wasInfluencedBy': {'additionalProperties': {'$ref': '#/definitions/influence'},
                                                                   'type': 'object'},
                                               'wasInformedBy': {'additionalProperties': {'$ref': '#/definitions/communication'},
                                                                 'type': 'object'},
                                               'wasInvalidatedBy': {'additionalProperties': {'$ref': '#/definitions/invalidation'},
                                                                    'type': 'object'},
                                               'wasStartedBy': {'additionalProperties': {'$ref': '#/definitions/start'},
                                                                'type': 'object'}},
                                'title': 'bundle',
                                'type': 'object'},
                     'communication': {'additionalProperties': {'$ref': '#/definitions/attributeValues'},
                                       'properties': {'prov:informant': {'format': 'uri',
                                                                         'type': 'string'},
                                                      'prov:informed': {'format': 'uri',
                                                                        'type': 'string'}},
                                       'required': ['prov:informant',
                                                    'prov:informed'],
                                       'title': 'communication',
                                       'type': 'object'},
                     'delegation': {'additionalProperties': {'$ref': '#/definitions/attributeValues'},
                                    'properties': {'prov:activity': {'format': 'uri',
                                                                     'type': 'string'},
                                                   'prov:delegate': {'format': 'uri',
                                                                     'type': 'string'},
                                                   'prov:responsible': {'format': 'uri',
                                                                        'type': 'string'}},
                                    'required': ['prov:delegate',
                                                 'prov:responsible'],
                                    'title': 'delegation',
                                    'type': 'object'},
                     'derivation': {'additionalProperties': {'$ref': '#/definitions/attributeValues'},
                                    'properties': {'prov:activity': {'format': 'uri',
                                                                     'type': 'string'},
                                                   'prov:generatedEntity': {'format': 'uri',
                                                                            'type': 'string'},
                                                   'prov:generation': {'format': 'uri',
                                                                       'type': 'string'},
                                                   'prov:usage': {'format': 'uri',
                                                                  'type': 'string'},
                                                   'prov:usedEntity': {'format': 'uri',
                                                                       'type': 'string'}},
                                    'required': ['prov:generatedEntity',
                                                 'prov:usedEntity'],
                                    'title': 'derivation',
                                    'type': 'object'},
                     'end': {'$ref': '#/definitions/start'},
                     'entity': {'additionalProperties': {'$ref': '#/definitions/attributeValues'},
                                'title': 'entity',
                                'type': 'object'},
                     'generation': {'additionalProperties': {'$ref': '#/definitions/attributeValues'},
                                    'properties': {'prov:activity': {'format': 'uri',
                                                                     'type': 'string'},
                                                   'prov:entity': {'format': 'uri',
                                                                   'type': 'string'},
                                                   'prov:time': {'format': 'date-time',
                                                                 'type': 'string'}},
                                    'required': ['prov:entity'],
                                    'title': 'generation/usage',
                                    'type': 'object'},
                     'influence': {'additionalProperties': {'$ref': '#/definitions/attributeValues'},
                                   'properties': {'prov:influencee': {'format': 'uri',
                                                                      'type': 'string'},
                                                  'prov:influencer': {'format': 'uri',
                                                                      'type': 'string'}},
                                   'required': ['prov:influencer',
                                                'prov:influencee'],
                                   'title': '',
                                   'type': 'object'},
                     'invalidation': {'additionalProperties': {'$ref': '#/definitions/attributeValues'},
                                      'properties': {'prov:activity': {'format': 'uri',
                                                                       'type': 'string'},
                                                     'prov:entity': {'format': 'uri',
                                                                     'type': 'string'},
                                                     'prov:time': {'format': 'date-time',
                                                                   'type': 'string'}},
                                      'required': ['prov:entity'],
                                      'title': 'invalidation',
                                      'type': 'object'},
                     'literalArray': {'items': {'anyOf': [{'$ref': '#/definitions/stringLiteral'},
                                                          {'$ref': '#/definitions/numberLiteral'},
                                                          {'$ref': '#/definitions/booleanLiteral'},
                                                          {'$ref': '#/definitions/typedLiteral'}]},
                                      'minItems': 1,
                                      'type': 'array'},
                     'membership': {'additionalProperties': {'$ref': '#/definitions/attributeValues'},
                                    'properties': {'prov:collection': {'format': 'uri',
                                                                       'type': 'string'},
                                                   'prov:entity': {'format': 'uri',
                                                                   'type': 'string'}},
                                    'required': ['prov:collection',
                                                 'prov:entity'],
                                    'title': 'membership',
                                    'type': 'object'},
                     'numberLiteral': {'type': 'number'},
                     'specialization': {'additionalProperties': {'$ref': '#/definitions/attributeValues'},
                                        'properties': {'prov:generalEntity': {'format': 'uri',
                                                                              'type': 'string'},
                                                       'prov:specificEntity': {'format': 'uri',
                                                                               'type': 'string'}},
                                        'required': ['prov:generalEntity',
                                                     'prov:specificEntity'],
                                        'title': 'specialization',
                                        'type': 'object'},
                     'start': {'additionalProperties': {'$ref': '#/definitions/attributeValues'},
                               'properties': {'prov:activity': {'format': 'uri',
                                                                'type': 'string'},
                                              'prov:time': {'format': 'date-time',
                                                            'type': 'string'},
                                              'prov:trigger': {'format': 'uri',
                                                               'type': 'string'}},
                               'required': ['prov:activity'],
                               'title': 'start/end',
                               'type': 'object'},
                     'stringLiteral': {'type': 'string'},
                     'typedLiteral': {'additionalProperties': False,
                                      'properties': {'$': {'type': 'string'},
                                                     'lang': {'type': 'string'},
                                                     'type': {'format': 'uri',
                                                              'type': 'string'}},
                                      'required': ['$'],
                                      'title': 'PROV-JSON Typed Literal',
                                      'type': 'object'},
                     'usage': {'$ref': '#/definitions/generation'}},
     'description': 'Schema for a PROV-JSON document',
     'id': 'http://provenance.ecs.soton.ac.uk/prov-json/schema#',
     'properties': {'actedOnBehalfOf': {'additionalProperties': {'$ref': '#/definitions/delegation'},
                                        'type': 'object'},
                    'activity': {'additionalProperties': {'$ref': '#/definitions/activity'},
                                 'type': 'object'},
                    'agent': {'additionalProperties': {'$ref': '#/definitions/agent'},
                              'type': 'object'},
                    'alternateOf': {'additionalProperties': {'$ref': '#/definitions/alternate'},
                                    'type': 'object'},
                    'bundle': {'additionalProperties': {'$ref': '#/definitions/bundle'},
                               'type': 'object'},
                    'entity': {'additionalProperties': {'$ref': '#/definitions/entity'},
                               'type': 'object'},
                    'hadMember': {'additionalProperties': {'$ref': '#/definitions/membership'},
                                  'type': 'object'},
                    'prefix': {'patternProperties': {'^[a-zA-Z0-9_\\-]+$': {'format': 'uri',
                                                                            'type': 'string'}},
                               'type': 'object'},
                    'specializationOf': {'additionalProperties': {'$ref': '#/definitions/specialization'},
                                         'type': 'object'},
                    'used': {'additionalProperties': {'$ref': '#/definitions/usage'},
                             'type': 'object'},
                    'wasAssociatedWith': {'additionalProperties': {'$ref': '#/definitions/association'},
                                          'type': 'object'},
                    'wasAttributedTo': {'additionalProperties': {'$ref': '#/definitions/attribution'},
                                        'type': 'object'},
                    'wasDerivedFrom': {'additionalProperties': {'$ref': '#/definitions/derivation'},
                                       'type': 'object'},
                    'wasEndedby': {'additionalProperties': {'$ref': '#/definitions/end'},
                                   'type': 'object'},
                    'wasGeneratedBy': {'additionalProperties': {'$ref': '#/definitions/generation'},
                                       'type': 'object'},
                    'wasInfluencedBy': {'additionalProperties': {'$ref': '#/definitions/influence'},
                                        'type': 'object'},
                    'wasInformedBy': {'additionalProperties': {'$ref': '#/definitions/communication'},
                                      'type': 'object'},
                    'wasInvalidatedBy': {'additionalProperties': {'$ref': '#/definitions/invalidation'},
                                         'type': 'object'},
                    'wasStartedBy': {'additionalProperties': {'$ref': '#/definitions/start'},
                                     'type': 'object'}},
     'type': 'object'}

On instance:
    {'@context': {'@base': 'https://example.org/',
                  'agents': 'https://someagentregister.eg/',
                  'foaf': 'http://xmlns.com/foaf/0.1/',
                  'surveyreg': 'https://example.org/surveys/',
                  'survtypes': 'https://example.org/surveytypes/',
                  'thing': 'https://example.org/entities/'},
     'featureType': 'Survey',
     'id': 'DP-1',
     'type': 'Feature',
     'wasGeneratedBy': ['surveyreg:DP-1-S1',
                        {'activity': 'Registration',
                         'endedAtTime': '2021-01-01',
                         'id': 'surveyreg:DP-1-S2',
                         'used': {'id': 'PriorThing',
                                  'wasGeneratedBy': {'activity': 'SomethingImpossiblyAfter',
                                                     'endedAtTime': '2029-01-01',
                                                     'id': 'surveyreg:impossible'}},
                         'wasAssociatedWith': 'agents:bc-3'}]}
=== End JSON Schema ===

=== JSON-LD ===

** Validation error **
Error found when uplifting JSON-LD: Failed to convert Literal lexical form to value. Datatype=http://www.w3.org/2001/XMLSchema#dateTime, Converter=<function parse_datetime at 0x7fa5a2c9a0e0>
Traceback (most recent call last):
  File "/venv/lib/python3.10/site-packages/isodate/isodatetime.py", line 51, in parse_datetime
    datestring, timestring = datetimestring.split('T')
ValueError: not enough values to unpack (expected 2, got 1)

During handling of the above exception, another exception occurred:

Traceback (most recent call last):
  File "/venv/lib/python3.10/site-packages/rdflib/term.py", line 2084, in _castLexicalToPython
    return conv_func(lexical)  # type: ignore[arg-type]
  File "/venv/lib/python3.10/site-packages/isodate/isodatetime.py", line 53, in parse_datetime
    raise ISO8601Error("ISO 8601 time designator 'T' missing. Unable to"
isodate.isoerror.ISO8601Error: ISO 8601 time designator 'T' missing. Unable to parse datetime string '2021-01-01'
Failed to convert Literal lexical form to value. Datatype=http://www.w3.org/2001/XMLSchema#dateTime, Converter=<function parse_datetime at 0x7fa5a2c9a0e0>
Traceback (most recent call last):
  File "/venv/lib/python3.10/site-packages/isodate/isodatetime.py", line 51, in parse_datetime
    datestring, timestring = datetimestring.split('T')
ValueError: not enough values to unpack (expected 2, got 1)

During handling of the above exception, another exception occurred:

Traceback (most recent call last):
  File "/venv/lib/python3.10/site-packages/rdflib/term.py", line 2084, in _castLexicalToPython
    return conv_func(lexical)  # type: ignore[arg-type]
  File "/venv/lib/python3.10/site-packages/isodate/isodatetime.py", line 53, in parse_datetime
    raise ISO8601Error("ISO 8601 time designator 'T' missing. Unable to"
isodate.isoerror.ISO8601Error: ISO 8601 time designator 'T' missing. Unable to parse datetime string '2029-01-01'

=== End JSON-LD ===

